<?xml version="1.0" encoding="UTF-8" ?>
<testsuites>
 <testsuite name="tompennington blog" timestamp="2015-07-07T21:16:45" hostname="localhost" time="6.159" errors="0" tests="2" skipped="0" disabled="0" failures="0">
  <testcase classname="tompennington blog" name="should have a title tag set" time="3.176" />
  <testcase classname="tompennington blog" name="author link should link to the about page" time="2.981" />
 </testsuite>
</testsuites>