<?xml version="1.0" encoding="UTF-8" ?>
<testsuites>
 <testsuite name="tompennington blog" timestamp="2016-07-11T09:00:43" hostname="localhost" time="4.735" errors="0" tests="2" skipped="0" disabled="0" failures="0">
  <testcase classname="tompennington blog" name="should have a title tag set" time="2.456" />
  <testcase classname="tompennington blog" name="should show menu after clicking menu button" time="2.276" />
 </testsuite>
</testsuites>