<?xml version="1.0" encoding="UTF-8" ?>
<testsuites>
 <testsuite name="tompennington blog" timestamp="2015-07-14T20:53:25" hostname="localhost" time="10.418" errors="0" tests="2" skipped="0" disabled="0" failures="0">
  <testcase classname="tompennington blog" name="should have a title tag set" time="5.386" />
  <testcase classname="tompennington blog" name="author link should link to the about page" time="5.029" />
 </testsuite>
</testsuites>